"LOCK VESTING OUTPUT":

1 tADA locked into the contract
    Tx ID: caa42e36a1be0d9e55952d8a5c2a7d6236dbeef5d35257a3b819c0272991cfc7
    Datum: d8799f1b000001857d4522a8581c793de8d57a72adbb05694d2f70fe0aad0b2ecaaf25d31c0a5d68012e581c4680734b93866fc984b8297cd1b95a27ea10834a8dc15eb68b3fd2b2ff
1 tADA locked into the contract
    Tx ID: caa42e36a1be0d9e55952d8a5c2a7d6236dbeef5d35257a3b819c0272991cfc7
    Datum: d8799f1b000001857d4522a8581c793de8d57a72adbb05694d2f70fe0aad0b2ecaaf25d31c0a5d68012e581c4680734b93866fc984b8297cd1b95a27ea10834a8dc15eb68b3fd2b2ff
1 tADA locked into the contract
    Tx ID: caa42e36a1be0d9e55952d8a5c2a7d6236dbeef5d35257a3b819c0272991cfc7
    Datum: d8799f1b000001857d4522a8581c793de8d57a72adbb05694d2f70fe0aad0b2ecaaf25d31c0a5d68012e581c4680734b93866fc984b8297cd1b95a27ea10834a8dc15eb68b3fd2b2ff



"UNLOCK VESTING OUTPUT":

1 tADA recovered from the contract
    Tx ID: e44a430b8c938d4f846db14176308f6b50c827b184c7e8325ee8d43eba732938
    Redeemer: d87980
1 tADA recovered from the contract
    Tx ID: e44a430b8c938d4f846db14176308f6b50c827b184c7e8325ee8d43eba732938
    Redeemer: d87980
1 tADA recovered from the contract
    Tx ID: e44a430b8c938d4f846db14176308f6b50c827b184c7e8325ee8d43eba732938
    Redeemer: d87980
